2025-06-24 10:21:09,886 - INFO - 🚀 Daily scan started at 2025-06-24 10:21:09.886491
2025-06-24 10:21:09,886 - INFO - 🤖 Starting daily AI system scan...
2025-06-24 10:21:09,899 - INFO - ✅ Daily scan completed successfully!
2025-06-24 10:21:09,899 - INFO - 📊 Scan Summary:
2025-06-24 10:21:09,899 - INFO -    - Areas analyzed: 5
2025-06-24 10:21:09,899 - INFO -    - Total proposals generated: 6
2025-06-24 10:21:09,899 - INFO -    - Proposals created: 6
2025-06-24 10:21:09,899 - INFO - 🎯 Priority Breakdown:
2025-06-24 10:21:09,899 - INFO -    - Low: 6
2025-06-24 10:21:09,899 - INFO - 💎 Value Categories:
2025-06-24 10:21:09,899 - INFO -    - Privacy Protection: 1
2025-06-24 10:21:09,899 - INFO -    - Digital Sovereignty: 1
2025-06-24 10:21:09,899 - INFO -    - Transparency: 1
2025-06-24 10:21:09,899 - INFO -    - Community Building: 1
2025-06-24 10:21:09,899 - INFO -    - Technology Ethics: 1
2025-06-24 10:21:09,899 - INFO -    - System Security: 1
2025-06-24 10:21:09,899 - INFO - 📋 Created Proposals:
2025-06-24 10:21:09,899 - INFO -    - f0c5c505-6874-4a9f-832f-2ceeb538a617: Implement end-to-end encryption for all user data
2025-06-24 10:21:09,899 - INFO -    - 0be9535f-feae-4561-9c85-fcb9ebc464dd: Implement user data export and deletion features
2025-06-24 10:21:09,899 - INFO -    - 7621a767-eafe-4d73-ac87-18a74a6d101b: Update privacy policy with enhanced transparency
2025-06-24 10:21:09,899 - INFO -    - 2bae75aa-024a-4569-8b0a-6a6887a6d319: Launch digital sovereignty awareness campaign
2025-06-24 10:21:09,899 - INFO -    - 2bb51d36-00b1-4ffc-8bd1-1cec44f7a9b7: Implement bias detection in AI responses
2025-06-24 10:21:09,899 - INFO -    - fd6994ad-f504-441a-90de-a942011a6206: Implement comprehensive security audit logging
2025-06-24 10:21:09,899 - INFO - ✅ Daily AI scan completed successfully in 0.01 seconds
2025-06-24 10:21:09,899 - INFO - 📧 Admin notification: Daily AI scan completed successfully in 0.01 seconds
2025-06-24 10:44:33,925 - INFO - 🚀 Daily scan started at 2025-06-24 10:44:33.925474
2025-06-24 10:44:33,925 - INFO - 🤖 Starting daily AI system scan...
2025-06-24 10:44:33,937 - INFO - ✅ Daily scan completed successfully!
2025-06-24 10:44:33,937 - INFO - 📊 Scan Summary:
2025-06-24 10:44:33,937 - INFO -    - Areas analyzed: 5
2025-06-24 10:44:33,937 - INFO -    - Total proposals generated: 6
2025-06-24 10:44:33,937 - INFO -    - Proposals created: 6
2025-06-24 10:44:33,937 - INFO - 🎯 Priority Breakdown:
2025-06-24 10:44:33,937 - INFO -    - Low: 6
2025-06-24 10:44:33,937 - INFO - 💎 Value Categories:
2025-06-24 10:44:33,937 - INFO -    - Privacy Protection: 1
2025-06-24 10:44:33,937 - INFO -    - Digital Sovereignty: 1
2025-06-24 10:44:33,937 - INFO -    - Transparency: 1
2025-06-24 10:44:33,937 - INFO -    - Community Building: 1
2025-06-24 10:44:33,937 - INFO -    - Technology Ethics: 1
2025-06-24 10:44:33,937 - INFO -    - System Security: 1
2025-06-24 10:44:33,937 - INFO - 📋 Created Proposals:
2025-06-24 10:44:33,937 - INFO -    - fab667c0-29b0-4fee-9805-df4799eae51e: Implement end-to-end encryption for all user data
2025-06-24 10:44:33,937 - INFO -    - a0fd941e-0a1f-45ee-ad44-a18bd256e1b3: Implement user data export and deletion features
2025-06-24 10:44:33,937 - INFO -    - 88cfc4bd-88ce-41c2-a6d9-99b08683ba04: Update privacy policy with enhanced transparency
2025-06-24 10:44:33,937 - INFO -    - fe99bc08-f400-4d40-9ce8-d90844cf0b7f: Launch digital sovereignty awareness campaign
2025-06-24 10:44:33,937 - INFO -    - 2e909a3e-3cb8-4d71-b19d-3aa6a0f61674: Implement bias detection in AI responses
2025-06-24 10:44:33,937 - INFO -    - ba3412a4-8c6f-47c2-99b7-5afb6f5ac4bf: Implement comprehensive security audit logging
2025-06-24 10:44:33,937 - INFO - ✅ Daily AI scan completed successfully in 0.01 seconds
2025-06-24 10:44:33,937 - INFO - 📧 Admin notification: Daily AI scan completed successfully in 0.01 seconds
